[0m18:44:24.539091 [debug] [MainThread]: Sending event: {'category': 'dbt', 'action': 'invocation', 'label': 'start', 'context': [<snowplow_tracker.self_describing_json.SelfDescribingJson object at 0x1061c3cb0>, <snowplow_tracker.self_describing_json.SelfDescribingJson object at 0x1078d7b10>, <snowplow_tracker.self_describing_json.SelfDescribingJson object at 0x1078d79d0>]}


============================== 18:44:24.540970 | 366f9dd7-9e4e-4015-bee8-6ebbb537e93c ==============================
[0m18:44:24.540970 [info ] [MainThread]: Running with dbt=1.10.15
[0m18:44:24.541220 [debug] [MainThread]: running dbt with arguments {'log_cache_events': 'False', 'debug': 'False', 'introspect': 'True', 'write_json': 'True', 'warn_error_options': 'WarnErrorOptionsV2(error=[], warn=[], silence=[])', 'fail_fast': 'False', 'partial_parse': 'True', 'static_parser': 'True', 'use_experimental_parser': 'False', 'no_print': 'None', 'version_check': 'True', 'log_format': 'default', 'indirect_selection': 'eager', 'use_colors': 'True', 'log_path': 'logs', 'printer_width': '80', 'quiet': 'False', 'profiles_dir': '/Users/Farsid/.dbt', 'cache_selected_only': 'False', 'warn_error': 'None', 'send_anonymous_usage_stats': 'True', 'target_path': 'None', 'invocation_command': 'dbt init Farshid_project_BI', 'empty': 'None'}
[0m18:44:24.544646 [debug] [MainThread]: Starter project path: /opt/anaconda3/lib/python3.13/site-packages/dbt/include/starter_project
[0m18:44:24.546615 [info ] [MainThread]: 
Your new dbt project "Farshid_project_BI" was created!

For more information on how to configure the profiles.yml file,
please consult the dbt documentation here:

  https://docs.getdbt.com/docs/configure-your-profile

One more thing:

Need help? Don't hesitate to reach out to us via GitHub issues or on Slack:

  https://community.getdbt.com/

Happy modeling!

[0m18:44:24.546734 [info ] [MainThread]: Setting up your profile.
[0m18:55:20.731611 [info ] [MainThread]: Profile Farshid_project_BI written to /Users/Farsid/.dbt/profiles.yml using target's profile_template.yml and your supplied values. Run 'dbt debug' to validate the connection.
[0m18:55:20.741634 [debug] [MainThread]: Resource report: {"command_name": "init", "command_success": true, "command_wall_clock_time": 656.2254, "process_in_blocks": "0", "process_kernel_time": 0.090773, "process_mem_max_rss": "119029760", "process_out_blocks": "0", "process_user_time": 0.490532}
[0m18:55:20.742398 [debug] [MainThread]: Command `dbt init` succeeded at 18:55:20.742155 after 656.23 seconds
[0m18:55:20.742867 [debug] [MainThread]: Sending event: {'category': 'dbt', 'action': 'invocation', 'label': 'end', 'context': [<snowplow_tracker.self_describing_json.SelfDescribingJson object at 0x107992c40>, <snowplow_tracker.self_describing_json.SelfDescribingJson object at 0x106d4d6d0>, <snowplow_tracker.self_describing_json.SelfDescribingJson object at 0x10797b790>]}
[0m18:55:20.743271 [debug] [MainThread]: Flushing usage events
[0m18:55:21.580308 [debug] [MainThread]: An error was encountered while trying to flush usage events
[0m21:33:57.229302 [debug] [MainThread]: Sending event: {'category': 'dbt', 'action': 'invocation', 'label': 'start', 'context': [<snowplow_tracker.self_describing_json.SelfDescribingJson object at 0x106d181a0>, <snowplow_tracker.self_describing_json.SelfDescribingJson object at 0x107f4fb10>, <snowplow_tracker.self_describing_json.SelfDescribingJson object at 0x107f4f9d0>]}


============================== 21:33:57.231757 | f127dbf8-f1f0-414f-9660-4397928118fe ==============================
[0m21:33:57.231757 [info ] [MainThread]: Running with dbt=1.10.15
[0m21:33:57.232033 [debug] [MainThread]: running dbt with arguments {'log_cache_events': 'False', 'log_format': 'default', 'send_anonymous_usage_stats': 'True', 'write_json': 'True', 'use_experimental_parser': 'False', 'profiles_dir': '/Users/Farsid/.dbt', 'log_path': 'logs', 'indirect_selection': 'eager', 'partial_parse': 'True', 'target_path': 'None', 'quiet': 'False', 'invocation_command': 'dbt debug', 'introspect': 'True', 'static_parser': 'True', 'use_colors': 'True', 'warn_error_options': 'WarnErrorOptionsV2(error=[], warn=[], silence=[])', 'debug': 'False', 'warn_error': 'None', 'printer_width': '80', 'empty': 'None', 'version_check': 'True', 'no_print': 'None', 'fail_fast': 'False', 'cache_selected_only': 'False'}
[0m21:33:57.239483 [info ] [MainThread]: dbt version: 1.10.15
[0m21:33:57.239655 [info ] [MainThread]: python version: 3.13.5
[0m21:33:57.239768 [info ] [MainThread]: python path: /Users/Farsid/Documents/Power_BI_2/dbt-env/bin/python3
[0m21:33:57.239862 [info ] [MainThread]: os info: macOS-15.6-arm64-arm-64bit-Mach-O
[0m21:33:57.282366 [info ] [MainThread]: Using profiles dir at /Users/Farsid/.dbt
[0m21:33:57.282578 [info ] [MainThread]: Using profiles.yml file at /Users/Farsid/.dbt/profiles.yml
[0m21:33:57.282686 [info ] [MainThread]: Using dbt_project.yml file at /Users/Farsid/Documents/Power_BI_2/dbt_project.yml
[0m21:33:57.282816 [error] [MainThread]: Encountered an error:
Internal Error
  Profile should not be None if loading profile completed
[0m21:33:57.284061 [debug] [MainThread]: Resource report: {"command_name": "debug", "command_success": false, "command_wall_clock_time": 0.07969871, "process_in_blocks": "0", "process_kernel_time": 0.104305, "process_mem_max_rss": "114229248", "process_out_blocks": "0", "process_user_time": 0.557843}
[0m21:33:57.284226 [debug] [MainThread]: Command `dbt debug` failed at 21:33:57.284190 after 0.08 seconds
[0m21:33:57.284344 [debug] [MainThread]: Sending event: {'category': 'dbt', 'action': 'invocation', 'label': 'end', 'context': [<snowplow_tracker.self_describing_json.SelfDescribingJson object at 0x1084f5220>, <snowplow_tracker.self_describing_json.SelfDescribingJson object at 0x1084e2f90>, <snowplow_tracker.self_describing_json.SelfDescribingJson object at 0x108518270>]}
[0m21:33:57.284468 [debug] [MainThread]: Flushing usage events
[0m21:33:57.857894 [debug] [MainThread]: An error was encountered while trying to flush usage events
[0m21:45:19.895678 [debug] [MainThread]: Sending event: {'category': 'dbt', 'action': 'invocation', 'label': 'start', 'context': [<snowplow_tracker.self_describing_json.SelfDescribingJson object at 0x1108201a0>, <snowplow_tracker.self_describing_json.SelfDescribingJson object at 0x111a4fb10>, <snowplow_tracker.self_describing_json.SelfDescribingJson object at 0x111a4f9d0>]}


============================== 21:45:19.898037 | e147b281-d21e-4c18-9ffa-bb953e5e0daa ==============================
[0m21:45:19.898037 [info ] [MainThread]: Running with dbt=1.10.15
[0m21:45:19.898290 [debug] [MainThread]: running dbt with arguments {'target_path': 'None', 'indirect_selection': 'eager', 'invocation_command': 'dbt debug', 'fail_fast': 'False', 'warn_error_options': 'WarnErrorOptionsV2(error=[], warn=[], silence=[])', 'version_check': 'True', 'cache_selected_only': 'False', 'use_experimental_parser': 'False', 'use_colors': 'True', 'static_parser': 'True', 'empty': 'None', 'no_print': 'None', 'log_path': 'logs', 'printer_width': '80', 'partial_parse': 'True', 'quiet': 'False', 'log_format': 'default', 'warn_error': 'None', 'log_cache_events': 'False', 'profiles_dir': '/Users/Farsid/.dbt', 'introspect': 'True', 'write_json': 'True', 'debug': 'False', 'send_anonymous_usage_stats': 'True'}
[0m21:45:19.905677 [info ] [MainThread]: dbt version: 1.10.15
[0m21:45:19.905850 [info ] [MainThread]: python version: 3.13.5
[0m21:45:19.905958 [info ] [MainThread]: python path: /Users/Farsid/Documents/Power_BI_2/dbt-env/bin/python3
[0m21:45:19.906056 [info ] [MainThread]: os info: macOS-15.6-arm64-arm-64bit-Mach-O
[0m21:45:19.939501 [info ] [MainThread]: Using profiles dir at /Users/Farsid/.dbt
[0m21:45:19.939716 [info ] [MainThread]: Using profiles.yml file at /Users/Farsid/.dbt/profiles.yml
[0m21:45:19.939833 [info ] [MainThread]: Using dbt_project.yml file at /Users/Farsid/Documents/Power_BI_2/dbt_project.yml
[0m21:45:19.939960 [error] [MainThread]: Encountered an error:
Internal Error
  Profile should not be None if loading profile completed
[0m21:45:19.941199 [debug] [MainThread]: Resource report: {"command_name": "debug", "command_success": false, "command_wall_clock_time": 0.070395, "process_in_blocks": "0", "process_kernel_time": 0.083538, "process_mem_max_rss": "113836032", "process_out_blocks": "0", "process_user_time": 0.452889}
[0m21:45:19.941380 [debug] [MainThread]: Command `dbt debug` failed at 21:45:19.941346 after 0.07 seconds
[0m21:45:19.941496 [debug] [MainThread]: Sending event: {'category': 'dbt', 'action': 'invocation', 'label': 'end', 'context': [<snowplow_tracker.self_describing_json.SelfDescribingJson object at 0x112015220>, <snowplow_tracker.self_describing_json.SelfDescribingJson object at 0x112002f90>, <snowplow_tracker.self_describing_json.SelfDescribingJson object at 0x112038270>]}
[0m21:45:19.941621 [debug] [MainThread]: Flushing usage events
[0m21:45:20.477363 [debug] [MainThread]: An error was encountered while trying to flush usage events
[0m20:40:19.932473 [debug] [MainThread]: Sending event: {'category': 'dbt', 'action': 'invocation', 'label': 'start', 'context': [<snowplow_tracker.self_describing_json.SelfDescribingJson object at 0x10392c1a0>, <snowplow_tracker.self_describing_json.SelfDescribingJson object at 0x10534fb10>, <snowplow_tracker.self_describing_json.SelfDescribingJson object at 0x10534f9d0>]}


============================== 20:40:19.934983 | cc9e9066-de51-4301-9f43-9bb53091f866 ==============================
[0m20:40:19.934983 [info ] [MainThread]: Running with dbt=1.10.15
[0m20:40:19.935255 [debug] [MainThread]: running dbt with arguments {'debug': 'False', 'indirect_selection': 'eager', 'profiles_dir': '/Users/Farsid/.dbt', 'no_print': 'None', 'use_colors': 'True', 'log_cache_events': 'False', 'log_path': 'logs', 'static_parser': 'True', 'empty': 'False', 'fail_fast': 'False', 'introspect': 'True', 'write_json': 'True', 'quiet': 'False', 'warn_error_options': 'WarnErrorOptionsV2(error=[], warn=[], silence=[])', 'printer_width': '80', 'partial_parse': 'True', 'log_format': 'default', 'version_check': 'True', 'cache_selected_only': 'False', 'use_experimental_parser': 'False', 'send_anonymous_usage_stats': 'True', 'warn_error': 'None', 'target_path': 'None', 'invocation_command': 'dbt run --select stg_date'}
[0m20:40:19.935515 [error] [MainThread]: Encountered an error:
Runtime Error
  No dbt_project.yml found at expected path /Users/Farsid/Documents/Power_BI_2/dbt_project.yml
  Verify that each entry within packages.yml (and their transitive dependencies) contains a file named dbt_project.yml
  
[0m20:40:19.943344 [debug] [MainThread]: Resource report: {"command_name": "run", "command_success": false, "command_wall_clock_time": 0.038059793, "process_in_blocks": "0", "process_kernel_time": 0.088283, "process_mem_max_rss": "111558656", "process_out_blocks": "0", "process_user_time": 0.436744}
[0m20:40:19.943619 [debug] [MainThread]: Command `dbt run` failed at 20:40:19.943574 after 0.04 seconds
[0m20:40:19.943763 [debug] [MainThread]: Sending event: {'category': 'dbt', 'action': 'invocation', 'label': 'end', 'context': [<snowplow_tracker.self_describing_json.SelfDescribingJson object at 0x1053b1220>, <snowplow_tracker.self_describing_json.SelfDescribingJson object at 0x1053a6450>, <snowplow_tracker.self_describing_json.SelfDescribingJson object at 0x1051b7f00>]}
[0m20:40:19.944117 [debug] [MainThread]: Flushing usage events
[0m20:40:20.506831 [debug] [MainThread]: An error was encountered while trying to flush usage events
[0m14:53:45.684950 [debug] [MainThread]: Sending event: {'category': 'dbt', 'action': 'invocation', 'label': 'start', 'context': [<snowplow_tracker.self_describing_json.SelfDescribingJson object at 0x1062941a0>, <snowplow_tracker.self_describing_json.SelfDescribingJson object at 0x1070cfb10>, <snowplow_tracker.self_describing_json.SelfDescribingJson object at 0x1070cf9d0>]}


============================== 14:53:45.687240 | 6d670a73-73c2-4281-b52d-8728d10f9324 ==============================
[0m14:53:45.687240 [info ] [MainThread]: Running with dbt=1.10.15
[0m14:53:45.687492 [debug] [MainThread]: running dbt with arguments {'target_path': 'None', 'indirect_selection': 'eager', 'warn_error_options': 'WarnErrorOptionsV2(error=[], warn=[], silence=[])', 'log_format': 'default', 'warn_error': 'None', 'write_json': 'True', 'no_print': 'None', 'log_cache_events': 'False', 'quiet': 'False', 'use_colors': 'True', 'version_check': 'True', 'log_path': 'logs', 'empty': 'False', 'use_experimental_parser': 'False', 'cache_selected_only': 'False', 'profiles_dir': '/Users/Farsid/.dbt', 'static_parser': 'True', 'invocation_command': 'dbt run --select models/staging/stg_ref_geo.sql', 'introspect': 'True', 'send_anonymous_usage_stats': 'True', 'printer_width': '80', 'debug': 'False', 'partial_parse': 'True', 'fail_fast': 'False'}
[0m14:53:45.687718 [error] [MainThread]: Encountered an error:
Runtime Error
  No dbt_project.yml found at expected path /Users/Farsid/Documents/Power_BI_2/dbt_project.yml
  Verify that each entry within packages.yml (and their transitive dependencies) contains a file named dbt_project.yml
  
[0m14:53:45.688825 [debug] [MainThread]: Resource report: {"command_name": "run", "command_success": false, "command_wall_clock_time": 0.02956175, "process_in_blocks": "0", "process_kernel_time": 0.085085, "process_mem_max_rss": "108625920", "process_out_blocks": "0", "process_user_time": 0.426736}
[0m14:53:45.689038 [debug] [MainThread]: Command `dbt run` failed at 14:53:45.688997 after 0.03 seconds
[0m14:53:45.689162 [debug] [MainThread]: Sending event: {'category': 'dbt', 'action': 'invocation', 'label': 'end', 'context': [<snowplow_tracker.self_describing_json.SelfDescribingJson object at 0x107131220>, <snowplow_tracker.self_describing_json.SelfDescribingJson object at 0x107126450>, <snowplow_tracker.self_describing_json.SelfDescribingJson object at 0x106f37f00>]}
[0m14:53:45.689275 [debug] [MainThread]: Flushing usage events
[0m14:53:46.263844 [debug] [MainThread]: An error was encountered while trying to flush usage events
